<?xml version="1.0" encoding="UTF-8"?>
<!-- Generated by org.testng.reporters.JUnitReportReporter -->
<testsuite name="com.instawork.in.TestCase.TestGetLinks" tests="2" time="34.272" ignored="0" failures="0" timestamp="25 Jan 2018 06:56:21 GMT" skipped="0" hostname="Macbook-pro" errors="0">
  <testcase name="testGetLinks" time="15.577" classname="com.instawork.in.TestCase.TestGetLinks"/>
  <testcase name="testGetLinks" time="18.695" classname="com.instawork.in.TestCase.TestGetLinks"/>
</testsuite> <!-- com.instawork.in.TestCase.TestGetLinks -->
